<?xml version="1.0" encoding="UTF-8"?>
<!-- Generated by org.testng.reporters.JUnitXMLReporter -->
<testsuite hostname="Hp" ignored="0" name="OrangeHRM_Test" tests="9" failures="0" timestamp="2019-10-05T17:18:52 IST" time="245.986" errors="0">
  <testcase name="LoginPageTitleTest" time="0.244" classname="com.OHRM.TestCases.LoginPageTest"/>
  <testcase name="validateLogoTest" time="0.208" classname="com.OHRM.TestCases.LoginPageTest"/>
  <testcase name="LoginTest" time="15.053" classname="com.OHRM.TestCases.LoginPageTest"/>
  <testcase name="verifyUserNameTest" time="0.084" classname="com.OHRM.TestCases.HomePageTest"/>
  <testcase name="AdminPageTest" time="6.733" classname="com.OHRM.TestCases.HomePageTest"/>
  <testcase name="addEmployeePageTest" time="4.736" classname="com.OHRM.TestCases.HomePageTest"/>
  <testcase name="CandidatePageTest" time="3.564" classname="com.OHRM.TestCases.HomePageTest"/>
  <testcase name="EmployeePageTest" time="10.149" classname="com.OHRM.TestCases.HomePageTest"/>
  <testcase name="verifyEmployeeInfoLabelTest" time="0.083" classname="com.OHRM.TestCases.EMployeePageTest"/>
</testsuite> <!-- OrangeHRM_Test -->
