<?xml version="1.0" encoding="UTF-8"?>
<!-- Generated by org.testng.reporters.JUnitXMLReporter -->
<testsuite hostname="Hp" ignored="0" name="OrangeHRM_Test" tests="9" failures="0" timestamp="2019-09-30T13:43:59 IST" time="148.561" errors="0">
  <testcase name="LoginPageTitleTest" time="0.041" classname="com.OHRM.TestCases.LoginPageTest"/>
  <testcase name="validateLogoTest" time="0.149" classname="com.OHRM.TestCases.LoginPageTest"/>
  <testcase name="LoginTest" time="5.478" classname="com.OHRM.TestCases.LoginPageTest"/>
  <testcase name="verifyUserNameTest" time="0.085" classname="com.OHRM.TestCases.HomePageTest"/>
  <testcase name="AdminPageTest" time="2.006" classname="com.OHRM.TestCases.HomePageTest"/>
  <testcase name="addEmployeePageTest" time="2.525" classname="com.OHRM.TestCases.HomePageTest"/>
  <testcase name="CandidatePageTest" time="5.518" classname="com.OHRM.TestCases.HomePageTest"/>
  <testcase name="EmployeePageTest" time="10.025" classname="com.OHRM.TestCases.HomePageTest"/>
  <testcase name="verifyEmployeeInfoLabelTest" time="0.063" classname="com.OHRM.TestCases.EMployeePageTest"/>
</testsuite> <!-- OrangeHRM_Test -->
