<?xml version="1.0" encoding="UTF-8"?>
<!-- Generated by org.testng.reporters.JUnitXMLReporter -->
<testsuite hostname="Hp" ignored="0" name="Default test" tests="3" failures="0" timestamp="2019-09-30T21:58:34 IST" time="44.399" errors="0">
  <testcase name="LoginPageTitleTest" time="0.073" classname="com.OHRM.TestCases.LoginPageTest"/>
  <testcase name="validateLogoTest" time="0.137" classname="com.OHRM.TestCases.LoginPageTest"/>
  <testcase name="LoginTest" time="9.451" classname="com.OHRM.TestCases.LoginPageTest"/>
</testsuite> <!-- Default test -->
