<?xml version="1.0" encoding="UTF-8"?>
<testng-results skipped="0" failed="0" ignored="0" total="3" passed="3">
  <reporter-output>
  </reporter-output>
  <suite name="Default suite" duration-ms="44399" started-at="2019-09-30T21:57:50 IST" finished-at="2019-09-30T21:58:34 IST">
    <groups>
    </groups>
    <test name="Default test" duration-ms="44399" started-at="2019-09-30T21:57:50 IST" finished-at="2019-09-30T21:58:34 IST">
      <class name="com.OHRM.TestCases.LoginPageTest">
        <test-method status="PASS" signature="extentreport()[pri:0, instance:com.OHRM.TestCases.LoginPageTest@26aa12dd]" name="extentreport" is-config="true" duration-ms="185" started-at="2019-09-30T21:57:50 IST" finished-at="2019-09-30T21:57:50 IST">
          <reporter-output>
          </reporter-output>
        </test-method> <!-- extentreport -->
        <test-method status="PASS" signature="setup()[pri:0, instance:com.OHRM.TestCases.LoginPageTest@26aa12dd]" name="setup" is-config="true" duration-ms="11499" started-at="2019-09-30T21:57:50 IST" finished-at="2019-09-30T21:58:01 IST">
          <reporter-output>
          </reporter-output>
        </test-method> <!-- setup -->
        <test-method status="PASS" signature="LoginPageTitleTest()[pri:1, instance:com.OHRM.TestCases.LoginPageTest@26aa12dd]" name="LoginPageTitleTest" duration-ms="73" started-at="2019-09-30T21:58:01 IST" finished-at="2019-09-30T21:58:01 IST">
          <reporter-output>
          </reporter-output>
        </test-method> <!-- LoginPageTitleTest -->
        <test-method status="PASS" signature="tearDown()[pri:0, instance:com.OHRM.TestCases.LoginPageTest@26aa12dd]" name="tearDown" is-config="true" duration-ms="681" started-at="2019-09-30T21:58:01 IST" finished-at="2019-09-30T21:58:02 IST">
          <reporter-output>
          </reporter-output>
        </test-method> <!-- tearDown -->
        <test-method status="PASS" signature="setup()[pri:0, instance:com.OHRM.TestCases.LoginPageTest@26aa12dd]" name="setup" is-config="true" duration-ms="10261" started-at="2019-09-30T21:58:02 IST" finished-at="2019-09-30T21:58:12 IST">
          <reporter-output>
          </reporter-output>
        </test-method> <!-- setup -->
        <test-method status="PASS" signature="validateLogoTest()[pri:2, instance:com.OHRM.TestCases.LoginPageTest@26aa12dd]" name="validateLogoTest" duration-ms="137" started-at="2019-09-30T21:58:12 IST" finished-at="2019-09-30T21:58:13 IST">
          <reporter-output>
          </reporter-output>
        </test-method> <!-- validateLogoTest -->
        <test-method status="PASS" signature="tearDown()[pri:0, instance:com.OHRM.TestCases.LoginPageTest@26aa12dd]" name="tearDown" is-config="true" duration-ms="679" started-at="2019-09-30T21:58:13 IST" finished-at="2019-09-30T21:58:13 IST">
          <reporter-output>
          </reporter-output>
        </test-method> <!-- tearDown -->
        <test-method status="PASS" signature="setup()[pri:0, instance:com.OHRM.TestCases.LoginPageTest@26aa12dd]" name="setup" is-config="true" duration-ms="9729" started-at="2019-09-30T21:58:13 IST" finished-at="2019-09-30T21:58:23 IST">
          <reporter-output>
          </reporter-output>
        </test-method> <!-- setup -->
        <test-method status="PASS" signature="LoginTest()[pri:3, instance:com.OHRM.TestCases.LoginPageTest@26aa12dd]" name="LoginTest" duration-ms="9451" started-at="2019-09-30T21:58:23 IST" finished-at="2019-09-30T21:58:32 IST">
          <reporter-output>
          </reporter-output>
        </test-method> <!-- LoginTest -->
        <test-method status="PASS" signature="tearDown()[pri:0, instance:com.OHRM.TestCases.LoginPageTest@26aa12dd]" name="tearDown" is-config="true" duration-ms="700" started-at="2019-09-30T21:58:32 IST" finished-at="2019-09-30T21:58:33 IST">
          <reporter-output>
          </reporter-output>
        </test-method> <!-- tearDown -->
        <test-method status="PASS" signature="tearReport()[pri:0, instance:com.OHRM.TestCases.LoginPageTest@26aa12dd]" name="tearReport" is-config="true" duration-ms="942" started-at="2019-09-30T21:58:33 IST" finished-at="2019-09-30T21:58:34 IST">
          <reporter-output>
          </reporter-output>
        </test-method> <!-- tearReport -->
      </class> <!-- com.OHRM.TestCases.LoginPageTest -->
    </test> <!-- Default test -->
  </suite> <!-- Default suite -->
</testng-results>
